<?xml version="1.0" encoding="UTF-8"?>
<testsuite xmlns:xsi="http://www.w3.org/2001/XMLSchema-instance" xsi:noNamespaceSchemaLocation="https://maven.apache.org/surefire/maven-surefire-plugin/xsd/surefire-test-report-3.0.xsd" version="3.0" name="com.mycompany.dao.AlmacenDAOTest" time="1.506" tests="5" errors="0" skipped="0" failures="0">
  <properties>
    <property name="java.specification.version" value="24"/>
    <property name="sun.cpu.isalist" value="amd64"/>
    <property name="sun.jnu.encoding" value="Cp1252"/>
    <property name="java.class.path" value="C:\Users\Lenovo\Documents\NetBeansProjects\BenchelePersistance\target\test-classes;C:\Users\Lenovo\Documents\NetBeansProjects\BenchelePersistance\target\classes;C:\Users\Lenovo\.m2\repository\com\mycompany\BencheleModel\1.0-SNAPSHOT\BencheleModel-1.0-SNAPSHOT.jar;C:\Users\Lenovo\.m2\repository\com\mycompany\BencheleDBManager\1.0-SNAPSHOT\BencheleDBManager-1.0-SNAPSHOT.jar;C:\Users\Lenovo\.m2\repository\commons-codec\commons-codec\1.18.0\commons-codec-1.18.0.jar;C:\Users\Lenovo\.m2\repository\com\mysql\mysql-connector-j\9.2.0\mysql-connector-j-9.2.0.jar;C:\Users\Lenovo\.m2\repository\com\google\protobuf\protobuf-java\4.29.0\protobuf-java-4.29.0.jar;C:\Users\Lenovo\.m2\repository\org\junit\jupiter\junit-jupiter\5.9.3\junit-jupiter-5.9.3.jar;C:\Users\Lenovo\.m2\repository\org\junit\jupiter\junit-jupiter-api\5.9.3\junit-jupiter-api-5.9.3.jar;C:\Users\Lenovo\.m2\repository\org\opentest4j\opentest4j\1.2.0\opentest4j-1.2.0.jar;C:\Users\Lenovo\.m2\repository\org\junit\platform\junit-platform-commons\1.9.3\junit-platform-commons-1.9.3.jar;C:\Users\Lenovo\.m2\repository\org\apiguardian\apiguardian-api\1.1.2\apiguardian-api-1.1.2.jar;C:\Users\Lenovo\.m2\repository\org\junit\jupiter\junit-jupiter-params\5.9.3\junit-jupiter-params-5.9.3.jar;C:\Users\Lenovo\.m2\repository\org\junit\jupiter\junit-jupiter-engine\5.9.3\junit-jupiter-engine-5.9.3.jar;C:\Users\Lenovo\.m2\repository\org\junit\platform\junit-platform-engine\1.9.3\junit-platform-engine-1.9.3.jar;"/>
    <property name="java.vm.vendor" value="Azul Systems, Inc."/>
    <property name="sun.arch.data.model" value="64"/>
    <property name="user.variant" value=""/>
    <property name="java.vendor.url" value="http://www.azul.com/"/>
    <property name="user.timezone" value="America/Lima"/>
    <property name="os.name" value="Windows 10"/>
    <property name="java.vm.specification.version" value="24"/>
    <property name="user.country" value="PE"/>
    <property name="sun.java.launcher" value="SUN_STANDARD"/>
    <property name="sun.boot.library.path" value="C:\Program Files\Apache NetBeans\jdk\bin"/>
    <property name="sun.java.command" value="C:\Users\Lenovo\AppData\Local\Temp\surefire12219953326437461104\surefirebooter-20250930210118138_3.jar C:\Users\Lenovo\AppData\Local\Temp\surefire12219953326437461104 2025-09-30T21-01-17_966-jvmRun1 surefire-20250930210118138_1tmp surefire_0-20250930210118138_2tmp"/>
    <property name="jdk.debug" value="release"/>
    <property name="surefire.test.class.path" value="C:\Users\Lenovo\Documents\NetBeansProjects\BenchelePersistance\target\test-classes;C:\Users\Lenovo\Documents\NetBeansProjects\BenchelePersistance\target\classes;C:\Users\Lenovo\.m2\repository\com\mycompany\BencheleModel\1.0-SNAPSHOT\BencheleModel-1.0-SNAPSHOT.jar;C:\Users\Lenovo\.m2\repository\com\mycompany\BencheleDBManager\1.0-SNAPSHOT\BencheleDBManager-1.0-SNAPSHOT.jar;C:\Users\Lenovo\.m2\repository\commons-codec\commons-codec\1.18.0\commons-codec-1.18.0.jar;C:\Users\Lenovo\.m2\repository\com\mysql\mysql-connector-j\9.2.0\mysql-connector-j-9.2.0.jar;C:\Users\Lenovo\.m2\repository\com\google\protobuf\protobuf-java\4.29.0\protobuf-java-4.29.0.jar;C:\Users\Lenovo\.m2\repository\org\junit\jupiter\junit-jupiter\5.9.3\junit-jupiter-5.9.3.jar;C:\Users\Lenovo\.m2\repository\org\junit\jupiter\junit-jupiter-api\5.9.3\junit-jupiter-api-5.9.3.jar;C:\Users\Lenovo\.m2\repository\org\opentest4j\opentest4j\1.2.0\opentest4j-1.2.0.jar;C:\Users\Lenovo\.m2\repository\org\junit\platform\junit-platform-commons\1.9.3\junit-platform-commons-1.9.3.jar;C:\Users\Lenovo\.m2\repository\org\apiguardian\apiguardian-api\1.1.2\apiguardian-api-1.1.2.jar;C:\Users\Lenovo\.m2\repository\org\junit\jupiter\junit-jupiter-params\5.9.3\junit-jupiter-params-5.9.3.jar;C:\Users\Lenovo\.m2\repository\org\junit\jupiter\junit-jupiter-engine\5.9.3\junit-jupiter-engine-5.9.3.jar;C:\Users\Lenovo\.m2\repository\org\junit\platform\junit-platform-engine\1.9.3\junit-platform-engine-1.9.3.jar;"/>
    <property name="sun.cpu.endian" value="little"/>
    <property name="user.home" value="C:\Users\Lenovo"/>
    <property name="user.language" value="es"/>
    <property name="java.specification.vendor" value="Oracle Corporation"/>
    <property name="java.version.date" value="2025-07-15"/>
    <property name="java.home" value="C:\Program Files\Apache NetBeans\jdk"/>
    <property name="file.separator" value="\"/>
    <property name="basedir" value="C:\Users\Lenovo\Documents\NetBeansProjects\BenchelePersistance"/>
    <property name="java.vm.compressedOopsMode" value="Zero based"/>
    <property name="line.separator" value="&#10;"/>
    <property name="java.vm.specification.vendor" value="Oracle Corporation"/>
    <property name="java.specification.name" value="Java Platform API Specification"/>
    <property name="surefire.real.class.path" value="C:\Users\Lenovo\AppData\Local\Temp\surefire12219953326437461104\surefirebooter-20250930210118138_3.jar"/>
    <property name="user.script" value=""/>
    <property name="sun.management.compiler" value="HotSpot 64-Bit Tiered Compilers"/>
    <property name="java.runtime.version" value="24.0.2+12"/>
    <property name="user.name" value="Lenovo"/>
    <property name="stdout.encoding" value="Cp1252"/>
    <property name="path.separator" value=";"/>
    <property name="os.version" value="10.0"/>
    <property name="java.runtime.name" value="OpenJDK Runtime Environment"/>
    <property name="file.encoding" value="UTF-8"/>
    <property name="java.vm.name" value="OpenJDK 64-Bit Server VM"/>
    <property name="java.vendor.version" value="Zulu24.32+13-CA"/>
    <property name="maven.ext.class.path" value="C:\Program Files\Apache NetBeans\java\maven-nblib\netbeans-eventspy.jar"/>
    <property name="localRepository" value="C:\Users\Lenovo\.m2\repository"/>
    <property name="java.vendor.url.bug" value="http://www.azul.com/support/"/>
    <property name="java.io.tmpdir" value="C:\Users\Lenovo\AppData\Local\Temp\"/>
    <property name="java.version" value="24.0.2"/>
    <property name="user.dir" value="C:\Users\Lenovo\Documents\NetBeansProjects\BenchelePersistance"/>
    <property name="os.arch" value="amd64"/>
    <property name="java.vm.specification.name" value="Java Virtual Machine Specification"/>
    <property name="sun.os.patch.level" value=""/>
    <property name="native.encoding" value="Cp1252"/>
    <property name="java.library.path" value="C:\Program Files\Apache NetBeans\jdk\bin;C:\Windows\Sun\Java\bin;C:\Windows\system32;C:\Windows;C:\app\Lenovo\product\21c\dbhomeXE\bin;C:\Program Files\Eclipse Adoptium\jdk-11.0.13.8-hotspot\bin;C:\Program Files\Common Files\Oracle\Java\javapath;C:\Program Files (x86)\Common Files\Oracle\Java\javapath;C:\Program Files (x86)\Common Files\Intel\Shared Libraries\redist\intel64\compiler;C:\Windows\system32;C:\Windows;C:\Windows\System32\Wbem;C:\Windows\System32\WindowsPowerShell\v1.0\;C:\Windows\System32\OpenSSH\;C:\Program Files\dotnet\;C:\Program Files (x86)\dotnet\;C:\Program Files (x86)\HP\Common\HPDestPlgIn\;C:\Program Files\Java\jdk1.8.0_351;C:\MinGW\bin;C:\MinGW\msys\1.0\bin;C:\Program Files\Microsoft SQL Server\150\Tools\Binn\;C:\Program Files\Microsoft SQL Server\Client SDK\ODBC\170\Tools\Binn\;C:\Program Files\JetBrains\CLion 2025.2.1\bin\mingw\bin;C:\Program Files\JetBrains\CLion 2025.2.1\bin;C:\Program Files\Git\cmd;C:\Program Files (x86)\Microsoft SQL Server\160\Tools\Binn\;C:\Program Files\Microsoft SQL Server\160\Tools\Binn\;C:\Program Files\Microsoft SQL Server\160\DTS\Binn\;C:\Program Files\MySQL\MySQL Shell 8.0\bin\;C:\Users\Lenovo\AppData\Local\Programs\Python\Python311\Scripts\;C:\Users\Lenovo\AppData\Local\Programs\Python\Python311\;C:\Users\Lenovo\AppData\Local\Microsoft\WindowsApps;C:\Users\Lenovo\AppData\Local\Programs\Microsoft VS Code\bin;C:\Program Files (x86)\HP\Common\HPDestPlgIn\;C:\Users\Lenovo\AppData\Local\GitHubDesktop\bin;C:\Users\Lenovo\.dotnet\tools;."/>
    <property name="java.vm.info" value="mixed mode, sharing"/>
    <property name="stderr.encoding" value="Cp1252"/>
    <property name="java.vendor" value="Azul Systems, Inc."/>
    <property name="java.vm.version" value="24.0.2+12"/>
    <property name="sun.io.unicode.encoding" value="UnicodeLittle"/>
    <property name="java.class.version" value="68.0"/>
  </properties>
  <testcase name="testModificar" classname="com.mycompany.dao.AlmacenDAOTest" time="0.941">
    <system-out><![CDATA[modificar
INSERT INTO INV_ALMACENES(NOMBRE, ALMACEN_CENTRAL) VALUES (?, ?)
INSERT INTO INV_ALMACENES(NOMBRE, ALMACEN_CENTRAL) VALUES (?, ?)
INSERT INTO INV_ALMACENES(NOMBRE, ALMACEN_CENTRAL) VALUES (?, ?)
SELECT ALMACEN_ID, NOMBRE, ALMACEN_CENTRAL FROM INV_ALMACENES
UPDATE INV_ALMACENES SET NOMBRE=?, ALMACEN_CENTRAL=? WHERE ALMACEN_ID=?
UPDATE INV_ALMACENES SET NOMBRE=?, ALMACEN_CENTRAL=? WHERE ALMACEN_ID=?
UPDATE INV_ALMACENES SET NOMBRE=?, ALMACEN_CENTRAL=? WHERE ALMACEN_ID=?
SELECT ALMACEN_ID, NOMBRE, ALMACEN_CENTRAL FROM INV_ALMACENES
SELECT ALMACEN_ID, NOMBRE, ALMACEN_CENTRAL FROM INV_ALMACENES
DELETE FROM INV_ALMACENES WHERE ALMACEN_ID=?
SELECT ALMACEN_ID, NOMBRE, ALMACEN_CENTRAL FROM INV_ALMACENES WHERE ALMACEN_ID=?
DELETE FROM INV_ALMACENES WHERE ALMACEN_ID=?
SELECT ALMACEN_ID, NOMBRE, ALMACEN_CENTRAL FROM INV_ALMACENES WHERE ALMACEN_ID=?
DELETE FROM INV_ALMACENES WHERE ALMACEN_ID=?
SELECT ALMACEN_ID, NOMBRE, ALMACEN_CENTRAL FROM INV_ALMACENES WHERE ALMACEN_ID=?
]]></system-out>
  </testcase>
  <testcase name="testObtenerPorId" classname="com.mycompany.dao.AlmacenDAOTest" time="0.181">
    <system-out><![CDATA[obtenerPorId
INSERT INTO INV_ALMACENES(NOMBRE, ALMACEN_CENTRAL) VALUES (?, ?)
INSERT INTO INV_ALMACENES(NOMBRE, ALMACEN_CENTRAL) VALUES (?, ?)
INSERT INTO INV_ALMACENES(NOMBRE, ALMACEN_CENTRAL) VALUES (?, ?)
SELECT ALMACEN_ID, NOMBRE, ALMACEN_CENTRAL FROM INV_ALMACENES WHERE ALMACEN_ID=?
SELECT ALMACEN_ID, NOMBRE, ALMACEN_CENTRAL FROM INV_ALMACENES WHERE ALMACEN_ID=?
SELECT ALMACEN_ID, NOMBRE, ALMACEN_CENTRAL FROM INV_ALMACENES WHERE ALMACEN_ID=?
SELECT ALMACEN_ID, NOMBRE, ALMACEN_CENTRAL FROM INV_ALMACENES
DELETE FROM INV_ALMACENES WHERE ALMACEN_ID=?
SELECT ALMACEN_ID, NOMBRE, ALMACEN_CENTRAL FROM INV_ALMACENES WHERE ALMACEN_ID=?
DELETE FROM INV_ALMACENES WHERE ALMACEN_ID=?
SELECT ALMACEN_ID, NOMBRE, ALMACEN_CENTRAL FROM INV_ALMACENES WHERE ALMACEN_ID=?
DELETE FROM INV_ALMACENES WHERE ALMACEN_ID=?
SELECT ALMACEN_ID, NOMBRE, ALMACEN_CENTRAL FROM INV_ALMACENES WHERE ALMACEN_ID=?
]]></system-out>
  </testcase>
  <testcase name="testEliminar" classname="com.mycompany.dao.AlmacenDAOTest" time="0.123">
    <system-out><![CDATA[eliminar
INSERT INTO INV_ALMACENES(NOMBRE, ALMACEN_CENTRAL) VALUES (?, ?)
INSERT INTO INV_ALMACENES(NOMBRE, ALMACEN_CENTRAL) VALUES (?, ?)
INSERT INTO INV_ALMACENES(NOMBRE, ALMACEN_CENTRAL) VALUES (?, ?)
SELECT ALMACEN_ID, NOMBRE, ALMACEN_CENTRAL FROM INV_ALMACENES
DELETE FROM INV_ALMACENES WHERE ALMACEN_ID=?
SELECT ALMACEN_ID, NOMBRE, ALMACEN_CENTRAL FROM INV_ALMACENES WHERE ALMACEN_ID=?
DELETE FROM INV_ALMACENES WHERE ALMACEN_ID=?
SELECT ALMACEN_ID, NOMBRE, ALMACEN_CENTRAL FROM INV_ALMACENES WHERE ALMACEN_ID=?
DELETE FROM INV_ALMACENES WHERE ALMACEN_ID=?
SELECT ALMACEN_ID, NOMBRE, ALMACEN_CENTRAL FROM INV_ALMACENES WHERE ALMACEN_ID=?
]]></system-out>
  </testcase>
  <testcase name="testInsertar" classname="com.mycompany.dao.AlmacenDAOTest" time="0.105">
    <system-out><![CDATA[insertar
INSERT INTO INV_ALMACENES(NOMBRE, ALMACEN_CENTRAL) VALUES (?, ?)
INSERT INTO INV_ALMACENES(NOMBRE, ALMACEN_CENTRAL) VALUES (?, ?)
INSERT INTO INV_ALMACENES(NOMBRE, ALMACEN_CENTRAL) VALUES (?, ?)
SELECT ALMACEN_ID, NOMBRE, ALMACEN_CENTRAL FROM INV_ALMACENES
DELETE FROM INV_ALMACENES WHERE ALMACEN_ID=?
SELECT ALMACEN_ID, NOMBRE, ALMACEN_CENTRAL FROM INV_ALMACENES WHERE ALMACEN_ID=?
DELETE FROM INV_ALMACENES WHERE ALMACEN_ID=?
SELECT ALMACEN_ID, NOMBRE, ALMACEN_CENTRAL FROM INV_ALMACENES WHERE ALMACEN_ID=?
DELETE FROM INV_ALMACENES WHERE ALMACEN_ID=?
SELECT ALMACEN_ID, NOMBRE, ALMACEN_CENTRAL FROM INV_ALMACENES WHERE ALMACEN_ID=?
]]></system-out>
  </testcase>
  <testcase name="testListarTodos" classname="com.mycompany.dao.AlmacenDAOTest" time="0.124">
    <system-out><![CDATA[listarTodos
INSERT INTO INV_ALMACENES(NOMBRE, ALMACEN_CENTRAL) VALUES (?, ?)
INSERT INTO INV_ALMACENES(NOMBRE, ALMACEN_CENTRAL) VALUES (?, ?)
INSERT INTO INV_ALMACENES(NOMBRE, ALMACEN_CENTRAL) VALUES (?, ?)
SELECT ALMACEN_ID, NOMBRE, ALMACEN_CENTRAL FROM INV_ALMACENES
SELECT ALMACEN_ID, NOMBRE, ALMACEN_CENTRAL FROM INV_ALMACENES
DELETE FROM INV_ALMACENES WHERE ALMACEN_ID=?
SELECT ALMACEN_ID, NOMBRE, ALMACEN_CENTRAL FROM INV_ALMACENES WHERE ALMACEN_ID=?
DELETE FROM INV_ALMACENES WHERE ALMACEN_ID=?
SELECT ALMACEN_ID, NOMBRE, ALMACEN_CENTRAL FROM INV_ALMACENES WHERE ALMACEN_ID=?
DELETE FROM INV_ALMACENES WHERE ALMACEN_ID=?
SELECT ALMACEN_ID, NOMBRE, ALMACEN_CENTRAL FROM INV_ALMACENES WHERE ALMACEN_ID=?
]]></system-out>
  </testcase>
</testsuite>